<?xml version="1.0" encoding="UTF-8"?>
<!-- Generated by org.testng.reporters.JUnitReportReporter -->
<testsuite name="com.test.automation.PlaypalApi.service.UserProfile" tests="11" time="11.492" ignored="0" failures="0" timestamp="24 Dec 2018 09:58:29 GMT" skipped="0" hostname="DESKTOP-38IQFP3" errors="0">
  <testcase name="TC008_load_user_allergies" time="1.172" classname="com.test.automation.PlaypalApi.service.UserProfile"/>
  <testcase name="update_user_medications" time="1.167" classname="com.test.automation.PlaypalApi.service.UserProfile"/>
  <testcase name="get_medications" time="2.172" classname="com.test.automation.PlaypalApi.service.UserProfile"/>
  <testcase name="get_ethnicities" time="1.114" classname="com.test.automation.PlaypalApi.service.UserProfile"/>
  <testcase name="get_medication_types" time="1.042" classname="com.test.automation.PlaypalApi.service.UserProfile"/>
  <testcase name="update_user_family_diseases" time="1.157" classname="com.test.automation.PlaypalApi.service.UserProfile"/>
  <testcase name="TC007_update_user_allergies" time="0.716" classname="com.test.automation.PlaypalApi.service.UserProfile"/>
  <testcase name="TC008_load_user_family_diseases" time="0.539" classname="com.test.automation.PlaypalApi.service.UserProfile"/>
  <testcase name="TC007_load_user_profile" time="0.627" classname="com.test.automation.PlaypalApi.service.UserProfile"/>
  <testcase name="TC008_load_user_diseases" time="0.569" classname="com.test.automation.PlaypalApi.service.UserProfile"/>
  <testcase name="update_user_diseases" time="1.217" classname="com.test.automation.PlaypalApi.service.UserProfile"/>
</testsuite> <!-- com.test.automation.PlaypalApi.service.UserProfile -->
