<?xml version="1.0" encoding="UTF-8"?>
<!-- Generated by org.testng.reporters.JUnitReportReporter -->
<testsuite name="com.test.automation.PlaypalApi.service.Onboarding" tests="2" time="4.519" ignored="0" failures="0" timestamp="24 Dec 2018 09:58:29 GMT" skipped="0" hostname="DESKTOP-38IQFP3" errors="0">
  <testcase name="TC001_authentication" time="3.309" classname="com.test.automation.PlaypalApi.service.Onboarding"/>
  <testcase name="TC006_listAllUsers" time="1.210" classname="com.test.automation.PlaypalApi.service.Onboarding"/>
</testsuite> <!-- com.test.automation.PlaypalApi.service.Onboarding -->
